{
  "RSpec": {
    "coverage": {
      "/Users/user1/Documents/Personal_projects/shop_sinatra/app/domains/stock/entities/stock.rb": {
        "lines": [
          null,
          null,
          1,
          1,
          1,
          1,
          1,
          1,
          1,
          null,
          1,
          1,
          1,
          null,
          null,
          null,
          null
        ]
      },
      "/Users/user1/Documents/Personal_projects/shop_sinatra/app/domains/stock/mappers/stock.rb": {
        "lines": [
          null,
          null,
          1,
          1,
          1,
          1,
          1,
          1,
          21,
          null,
          null,
          21,
          null,
          null,
          null,
          null,
          null,
          null,
          null,
          null,
          1,
          15,
          15,
          15,
          15,
          15,
          15,
          15,
          15,
          15,
          null,
          null,
          null,
          null,
          null,
          null
        ]
      },
      "/Users/user1/Documents/Personal_projects/shop_sinatra/app/domains/stock/repositories/stock.rb": {
        "lines": [
          null,
          null,
          1,
          1,
          1,
          1,
          1,
          1,
          null,
          1,
          5,
          null,
          null,
          1,
          5,
          5,
          null,
          null,
          1,
          12,
          12,
          12,
          12,
          12,
          12,
          null,
          null,
          1,
          1,
          1,
          1,
          1,
          1,
          1,
          1,
          null,
          null,
          1,
          1,
          null,
          null,
          1,
          null,
          1,
          5,
          5,
          5,
          null,
          null,
          1,
          24,
          null,
          null,
          1,
          null,
          null,
          null,
          null
        ]
      },
      "/Users/user1/Documents/Personal_projects/shop_sinatra/app/domains/stock/sequences/create.rb": {
        "lines": [
          null,
          null,
          1,
          1,
          1,
          1,
          1,
          null,
          null,
          null,
          1,
          5,
          null,
          3,
          3,
          null,
          null,
          null,
          null,
          null
        ]
      },
      "/Users/user1/Documents/Personal_projects/shop_sinatra/app/domains/stock/serializers/stock.rb": {
        "lines": [
          null,
          null,
          1,
          1,
          1,
          1,
          1,
          null,
          1,
          1,
          null,
          4,
          4,
          1,
          null,
          1,
          null,
          1,
          30,
          null,
          null,
          null,
          null,
          null
        ]
      },
      "/Users/user1/Documents/Personal_projects/shop_sinatra/app/domains/stock/validators/create.rb": {
        "lines": [
          null,
          null,
          1,
          1,
          1,
          1,
          1,
          null,
          1,
          1,
          1,
          1,
          1,
          1,
          1,
          1,
          null,
          null,
          null,
          null,
          null,
          null,
          null,
          null
        ]
      },
      "/Users/user1/Documents/Personal_projects/shop_sinatra/app/endpoints/health.rb": {
        "lines": [
          null,
          null,
          1,
          1,
          1,
          null,
          1,
          2,
          null,
          1,
          null,
          null,
          null
        ]
      },
      "/Users/user1/Documents/Personal_projects/shop_sinatra/app/endpoints/stock.rb": {
        "lines": [
          null,
          null,
          1,
          1,
          1,
          null,
          1,
          1,
          null,
          1,
          4,
          3,
          2,
          null,
          2,
          null,
          null,
          null,
          null,
          1,
          0,
          0,
          0,
          null,
          0,
          null,
          null,
          null,
          null,
          1,
          0,
          0,
          null,
          0,
          null,
          null,
          null,
          1,
          0,
          0,
          null,
          null,
          null,
          null
        ]
      },
      "/Users/user1/Documents/Personal_projects/shop_sinatra/app/helpers/endpoints.rb": {
        "lines": [
          null,
          null,
          1,
          1,
          1,
          4,
          3,
          null,
          1,
          1,
          1,
          null,
          null,
          null,
          1,
          3,
          2,
          null,
          1,
          1,
          1,
          null,
          null,
          null,
          1,
          0,
          null,
          null,
          null
        ]
      },
      "/Users/user1/Documents/Personal_projects/shop_sinatra/app/domains/stock/errors.rb": {
        "lines": [
          null,
          null,
          1,
          1,
          1,
          1,
          1,
          3,
          null,
          null,
          null,
          1,
          1,
          0,
          null,
          null,
          null,
          null,
          null
        ]
      },
      "/Users/user1/Documents/Personal_projects/shop_sinatra/app/api.rb": {
        "lines": [
          null,
          null,
          1,
          null,
          1,
          1,
          1,
          null
        ]
      },
      "/Users/user1/Documents/Personal_projects/shop_sinatra/app/domains/stock/forms/create.rb": {
        "lines": [
          null,
          null,
          1,
          1,
          1,
          1,
          1,
          null,
          1,
          3,
          null,
          null,
          null,
          null,
          null,
          null,
          1,
          null,
          1,
          3,
          null,
          null,
          1,
          3,
          null,
          null,
          1,
          3,
          null,
          null,
          null,
          null,
          null
        ]
      }
    },
    "timestamp": 1607428480
  }
}
